<?xml version="1.0" encoding="UTF-8"?>
<testsuite name="MyClassTest" tests="2" skipped="0" failures="0" errors="0" timestamp="2019-03-06T19:01:48" hostname="DESKTOP-CTRRV25" time="0.004">
  <properties/>
  <testcase name="getAtr1" classname="MyClassTest" time="0.003"/>
  <testcase name="setAtr1" classname="MyClassTest" time="0.0"/>
  <system-out><![CDATA[]]></system-out>
  <system-err><![CDATA[]]></system-err>
</testsuite>
